<?xml version="1.0" encoding="UTF-8"?>
<testng-results skipped="0" failed="5" ignored="0" total="9" passed="4">
  <reporter-output>
  </reporter-output>
  <suite name="Cucumber_TestNg" duration-ms="180340" started-at="2021-12-31T06:27:48Z" finished-at="2021-12-31T06:30:48Z">
    <groups>
      <group name="cucumber">
        <method signature="AbstractTestNGCucumberTests.runScenario(io.cucumber.testng.PickleWrapper, io.cucumber.testng.FeatureWrapper)[pri:0, instance:com.coding.Runner.TestRunner@3632be31]" name="runScenario" class="io.cucumber.testng.AbstractTestNGCucumberTests"/>
      </group> <!-- cucumber -->
    </groups>
    <test name="Runner" duration-ms="180340" started-at="2021-12-31T06:27:48Z" finished-at="2021-12-31T06:30:48Z">
      <class name="com.coding.Runner.TestRunner">
        <test-method status="PASS" signature="setUpClass()[pri:0, instance:com.coding.Runner.TestRunner@3632be31]" name="setUpClass" is-config="true" duration-ms="1206" started-at="2021-12-31T06:27:48Z" finished-at="2021-12-31T06:27:49Z">
          <reporter-output>
          </reporter-output>
        </test-method> <!-- setUpClass -->
        <test-method status="PASS" signature="setup()[pri:0, instance:com.coding.Runner.TestRunner@3632be31]" name="setup" is-config="true" duration-ms="1" started-at="2021-12-31T06:27:49Z" finished-at="2021-12-31T06:27:49Z">
          <reporter-output>
          </reporter-output>
        </test-method> <!-- setup -->
        <test-method status="FAIL" signature="runScenario(io.cucumber.testng.PickleWrapper, io.cucumber.testng.FeatureWrapper)[pri:0, instance:com.coding.Runner.TestRunner@3632be31]" name="runScenario" duration-ms="36271" started-at="2021-12-31T06:27:49Z" description="Runs Cucumber Scenarios" data-provider="scenarios" finished-at="2021-12-31T06:28:26Z">
          <params>
            <param index="0">
              <value>
                <![CDATA[""]]>
              </value>
            </param>
            <param index="1">
              <value>
                <![CDATA["Optional[Validate the Testcases 1 & 2 given in the Email]"]]>
              </value>
            </param>
          </params>
          <exception class="java.lang.NullPointerException">
            <full-stacktrace>
              <![CDATA[java.lang.NullPointerException
at com.coding.StepDefinitions.StepDefinition.for_valid_credendtial_login_successfully_else_fail_with_an_expected_error(StepDefinition.java:91)
at ✽.for valid credendtial login successfully else fail with an expected error(file:///F:/Practicesession/Logitech_Testng_Cucumber/src/test/resources/com/coding/features/Feature1.feature:8)
]]>
            </full-stacktrace>
          </exception> <!-- java.lang.NullPointerException -->
          <reporter-output>
          </reporter-output>
        </test-method> <!-- runScenario -->
        <test-method status="FAIL" signature="runScenario(io.cucumber.testng.PickleWrapper, io.cucumber.testng.FeatureWrapper)[pri:0, instance:com.coding.Runner.TestRunner@3632be31]" name="runScenario" duration-ms="22056" started-at="2021-12-31T06:28:26Z" description="Runs Cucumber Scenarios" data-provider="scenarios" finished-at="2021-12-31T06:28:48Z">
          <params>
            <param index="0">
              <value>
                <![CDATA[""]]>
              </value>
            </param>
            <param index="1">
              <value>
                <![CDATA["Optional[Validate the Testcases 1 & 2 given in the Email]"]]>
              </value>
            </param>
          </params>
          <exception class="java.lang.NullPointerException">
            <full-stacktrace>
              <![CDATA[java.lang.NullPointerException
at com.coding.StepDefinitions.StepDefinition.for_valid_credendtial_login_successfully_else_fail_with_an_expected_error(StepDefinition.java:91)
at ✽.for valid credendtial login successfully else fail with an expected error(file:///F:/Practicesession/Logitech_Testng_Cucumber/src/test/resources/com/coding/features/Feature1.feature:8)
]]>
            </full-stacktrace>
          </exception> <!-- java.lang.NullPointerException -->
          <reporter-output>
          </reporter-output>
        </test-method> <!-- runScenario -->
        <test-method status="FAIL" signature="runScenario(io.cucumber.testng.PickleWrapper, io.cucumber.testng.FeatureWrapper)[pri:0, instance:com.coding.Runner.TestRunner@3632be31]" name="runScenario" duration-ms="22612" started-at="2021-12-31T06:28:48Z" description="Runs Cucumber Scenarios" data-provider="scenarios" finished-at="2021-12-31T06:29:10Z">
          <params>
            <param index="0">
              <value>
                <![CDATA[""]]>
              </value>
            </param>
            <param index="1">
              <value>
                <![CDATA["Optional[Validate the Testcases 1 & 2 given in the Email]"]]>
              </value>
            </param>
          </params>
          <exception class="java.lang.NullPointerException">
            <full-stacktrace>
              <![CDATA[java.lang.NullPointerException
at com.coding.StepDefinitions.StepDefinition.for_valid_credendtial_login_successfully_else_fail_with_an_expected_error(StepDefinition.java:91)
at ✽.for valid credendtial login successfully else fail with an expected error(file:///F:/Practicesession/Logitech_Testng_Cucumber/src/test/resources/com/coding/features/Feature1.feature:8)
]]>
            </full-stacktrace>
          </exception> <!-- java.lang.NullPointerException -->
          <reporter-output>
          </reporter-output>
        </test-method> <!-- runScenario -->
        <test-method status="FAIL" signature="runScenario(io.cucumber.testng.PickleWrapper, io.cucumber.testng.FeatureWrapper)[pri:0, instance:com.coding.Runner.TestRunner@3632be31]" name="runScenario" duration-ms="29076" started-at="2021-12-31T06:29:10Z" description="Runs Cucumber Scenarios" data-provider="scenarios" finished-at="2021-12-31T06:29:39Z">
          <params>
            <param index="0">
              <value>
                <![CDATA[""]]>
              </value>
            </param>
            <param index="1">
              <value>
                <![CDATA["Optional[Validate the Testcases 1 & 2 given in the Email]"]]>
              </value>
            </param>
          </params>
          <exception class="java.lang.NullPointerException">
            <full-stacktrace>
              <![CDATA[java.lang.NullPointerException
at com.coding.StepDefinitions.StepDefinition.for_valid_credendtial_login_successfully_else_fail_with_an_expected_error(StepDefinition.java:91)
at ✽.for valid credendtial login successfully else fail with an expected error(file:///F:/Practicesession/Logitech_Testng_Cucumber/src/test/resources/com/coding/features/Feature1.feature:8)
]]>
            </full-stacktrace>
          </exception> <!-- java.lang.NullPointerException -->
          <reporter-output>
          </reporter-output>
        </test-method> <!-- runScenario -->
        <test-method status="FAIL" signature="runScenario(io.cucumber.testng.PickleWrapper, io.cucumber.testng.FeatureWrapper)[pri:0, instance:com.coding.Runner.TestRunner@3632be31]" name="runScenario" duration-ms="14203" started-at="2021-12-31T06:29:39Z" description="Runs Cucumber Scenarios" data-provider="scenarios" finished-at="2021-12-31T06:29:54Z">
          <params>
            <param index="0">
              <value>
                <![CDATA[""]]>
              </value>
            </param>
            <param index="1">
              <value>
                <![CDATA["Optional[Validate the Testcases 1 & 2 given in the Email]"]]>
              </value>
            </param>
          </params>
          <exception class="java.lang.AssertionError">
            <message>
              <![CDATA[Dynamic Loading click Failed, Validate expected [true] but found [false]]]>
            </message>
            <full-stacktrace>
              <![CDATA[java.lang.AssertionError: Dynamic Loading click Failed, Validate expected [true] but found [false]
at org.testng.Assert.fail(Assert.java:96)
at org.testng.Assert.failNotEquals(Assert.java:776)
at org.testng.Assert.assertTrue(Assert.java:44)
at com.coding.StepDefinitions.StepDefinition.user_launches_the_application_and_clicks_on_something(StepDefinition.java:73)
at ✽.User launches the application and clicks on "Dynamic Loading"(file:///F:/Practicesession/Logitech_Testng_Cucumber/src/test/resources/com/coding/features/Feature1.feature:19)
]]>
            </full-stacktrace>
          </exception> <!-- java.lang.AssertionError -->
          <reporter-output>
          </reporter-output>
        </test-method> <!-- runScenario -->
        <test-method status="PASS" signature="runScenario(io.cucumber.testng.PickleWrapper, io.cucumber.testng.FeatureWrapper)[pri:0, instance:com.coding.Runner.TestRunner@3632be31]" name="runScenario" duration-ms="9145" started-at="2021-12-31T06:29:54Z" description="Runs Cucumber Scenarios" data-provider="scenarios" finished-at="2021-12-31T06:30:03Z">
          <params>
            <param index="0">
              <value>
                <![CDATA[""]]>
              </value>
            </param>
            <param index="1">
              <value>
                <![CDATA["Optional[Validate the Testcases 3 & 4 given in the Email]"]]>
              </value>
            </param>
          </params>
          <reporter-output>
          </reporter-output>
        </test-method> <!-- runScenario -->
        <test-method status="PASS" signature="runScenario(io.cucumber.testng.PickleWrapper, io.cucumber.testng.FeatureWrapper)[pri:0, instance:com.coding.Runner.TestRunner@3632be31]" name="runScenario" duration-ms="15174" started-at="2021-12-31T06:30:03Z" description="Runs Cucumber Scenarios" data-provider="scenarios" finished-at="2021-12-31T06:30:18Z">
          <params>
            <param index="0">
              <value>
                <![CDATA[""]]>
              </value>
            </param>
            <param index="1">
              <value>
                <![CDATA["Optional[Validate the Testcases 3 & 4 given in the Email]"]]>
              </value>
            </param>
          </params>
          <reporter-output>
          </reporter-output>
        </test-method> <!-- runScenario -->
        <test-method status="PASS" signature="runScenario(io.cucumber.testng.PickleWrapper, io.cucumber.testng.FeatureWrapper)[pri:0, instance:com.coding.Runner.TestRunner@3632be31]" name="runScenario" duration-ms="20715" started-at="2021-12-31T06:30:18Z" description="Runs Cucumber Scenarios" data-provider="scenarios" finished-at="2021-12-31T06:30:39Z">
          <params>
            <param index="0">
              <value>
                <![CDATA[""]]>
              </value>
            </param>
            <param index="1">
              <value>
                <![CDATA["Optional[Validate the Testcases 5 given in the Email]"]]>
              </value>
            </param>
          </params>
          <reporter-output>
          </reporter-output>
        </test-method> <!-- runScenario -->
        <test-method status="PASS" signature="runScenario(io.cucumber.testng.PickleWrapper, io.cucumber.testng.FeatureWrapper)[pri:0, instance:com.coding.Runner.TestRunner@3632be31]" name="runScenario" duration-ms="9106" started-at="2021-12-31T06:30:39Z" description="Runs Cucumber Scenarios" data-provider="scenarios" finished-at="2021-12-31T06:30:48Z">
          <params>
            <param index="0">
              <value>
                <![CDATA[""]]>
              </value>
            </param>
            <param index="1">
              <value>
                <![CDATA["Optional[Validate the Testcases 5 given in the Email]"]]>
              </value>
            </param>
          </params>
          <reporter-output>
          </reporter-output>
        </test-method> <!-- runScenario -->
        <test-method status="PASS" signature="tearDownClass()[pri:0, instance:com.coding.Runner.TestRunner@3632be31]" name="tearDownClass" is-config="true" duration-ms="713" started-at="2021-12-31T06:30:48Z" finished-at="2021-12-31T06:30:48Z">
          <reporter-output>
          </reporter-output>
        </test-method> <!-- tearDownClass -->
      </class> <!-- com.coding.Runner.TestRunner -->
    </test> <!-- Runner -->
  </suite> <!-- Cucumber_TestNg -->
</testng-results>
